\BOOKMARK [0][-]{Doc-Start}{List of Tables}{}% 1
\BOOKMARK [0][-]{Doc-Start}{List of Figures}{}% 2
\BOOKMARK [0][-]{chapter.1}{Introduction and Motivation}{}% 3
\BOOKMARK [1][-]{section.1.1}{Hadrons}{chapter.1}% 4
\BOOKMARK [1][-]{section.1.2}{0 Production}{chapter.1}% 5
\BOOKMARK [1][-]{section.1.3}{0 Decays}{chapter.1}% 6
\BOOKMARK [0][-]{chapter.2}{The CLAS detector at Thomas Jefferson National Accelerator Facility }{}% 7
\BOOKMARK [1][-]{section.2.1}{Continuous Electron Beam Accelerator Facility}{chapter.2}% 8
\BOOKMARK [1][-]{section.2.2}{Beam Positioning}{chapter.2}% 9
\BOOKMARK [1][-]{section.2.3}{Photon Tagger}{chapter.2}% 10
\BOOKMARK [1][-]{section.2.4}{CEBAF Large Acceptance Spectrometer \(CLAS\)}{chapter.2}% 11
\BOOKMARK [1][-]{section.2.5}{Start Counter}{chapter.2}% 12
\BOOKMARK [1][-]{section.2.6}{Superconducting Toroidal Magnet}{chapter.2}% 13
\BOOKMARK [1][-]{section.2.7}{Drift Chambers}{chapter.2}% 14
\BOOKMARK [1][-]{section.2.8}{Cherenkov Radiation and Detectors}{chapter.2}% 15
\BOOKMARK [1][-]{section.2.9}{Time-of-Flight Detectors}{chapter.2}% 16
\BOOKMARK [1][-]{section.2.10}{Electromagnetic Calorimeters}{chapter.2}% 17
\BOOKMARK [0][-]{chapter.3}{The g12 Experiment}{}% 18
\BOOKMARK [1][-]{section.3.1}{g12 Data Acquisition and Triggering }{chapter.3}% 19
\BOOKMARK [1][-]{section.3.2}{g12 Run Summary}{chapter.3}% 20
\BOOKMARK [1][-]{section.3.3}{Raw Data Reconstruction}{chapter.3}% 21
\BOOKMARK [1][-]{section.3.4}{Particle Identification}{chapter.3}% 22
\BOOKMARK [0][-]{chapter.4}{Particle Reconstruction and Analysis}{}% 23
\BOOKMARK [1][-]{section.4.1}{Data Reduction and Event Selection}{chapter.4}% 24
\BOOKMARK [1][-]{section.4.2}{g12 Corrections}{chapter.4}% 25
\BOOKMARK [1][-]{section.4.3}{Fiducial Cuts}{chapter.4}% 26
\BOOKMARK [1][-]{section.4.4}{Simulation}{chapter.4}% 27
\BOOKMARK [1][-]{section.4.5}{Simulation}{chapter.4}% 28
\BOOKMARK [1][-]{section.4.6}{PLUTO++ Event Generator}{chapter.4}% 29
\BOOKMARK [1][-]{section.4.7}{Kinematic Fitting}{chapter.4}% 30
\BOOKMARK [1][-]{section.4.8}{Particle Vertex Timing Cuts}{chapter.4}% 31
\BOOKMARK [1][-]{section.4.9}{z Vertex Cuts}{chapter.4}% 32
\BOOKMARK [1][-]{section.4.10}{Simulation Kinematic Variables Verification}{chapter.4}% 33
\BOOKMARK [1][-]{section.4.11}{Lepton Trigger Efficiency for 0 Candidates}{chapter.4}% 34
\BOOKMARK [1][-]{section.4.12}{Target Density}{chapter.4}% 35
\BOOKMARK [1][-]{section.4.13}{Photon Normalization}{chapter.4}% 36
\BOOKMARK [1][-]{section.4.14}{Normalization}{chapter.4}% 37
\BOOKMARK [0][-]{chapter.5}{Results}{}% 38
\BOOKMARK [1][-]{section.5.1}{Cross-Section}{chapter.5}% 39
\BOOKMARK [1][-]{section.5.2}{Acceptance}{chapter.5}% 40
\BOOKMARK [1][-]{section.5.3}{Statistical Uncertainties}{chapter.5}% 41
\BOOKMARK [1][-]{section.5.4}{Systematic Uncertainty}{chapter.5}% 42
\BOOKMARK [1][-]{section.5.5}{Comparison to World Data and SAID Fits}{chapter.5}% 43
\BOOKMARK [1][-]{section.5.6}{Conclusions}{chapter.5}% 44
\BOOKMARK [0][-]{section*.16}{BIBLIOGRAPHY}{}% 45
\BOOKMARK [0][-]{section*.16}{APPENDICES}{}% 46
\BOOKMARK [0][-]{section*.17}{Appendices}{}% 47
\BOOKMARK [0][-]{APPENDIX.a.A}{TOF and EC Paddle Inefficiency Study Plots}{}% 48
\BOOKMARK [1][-]{section.a.A.1}{TOF Inefficiency Study}{APPENDIX.a.A}% 49
\BOOKMARK [1][-]{section.a.A.2}{EC Inefficiency Study}{APPENDIX.a.A}% 50
\BOOKMARK [0][-]{APPENDIX.a.B}{Tabular Data}{}% 51
\BOOKMARK [0][-]{table.a.B.29}{VITA}{}% 52
